Using pre-set license
Built from '2020.3/staging' branch; Version is '2020.3.11f1 (99c7afb366b3) revision 10078127'; Using compiler version '192528614'; Build Type 'Release'
OS: 'Windows 10 Home Single Language; OS build 22000.71; Version 2009; 64bit' Language: 'pt' Physical Memory: 8072 MB
BatchMode: 1, IsHumanControllingUs: 0, StartBugReporterOnCrash: 0, Is64bit: 1, IsPro: 0

 COMMAND LINE ARGUMENTS:
C:\Program Files\Unity\Hub\Editor\2020.3.11f1\Editor\Unity.exe
-adb2
-batchMode
-noUpm
-name
AssetImportWorker0
-projectPath
C:/Users/emanu/Desafio Disney
-logFile
Logs/AssetImportWorker0.log
-srvPort
49853
Successfully changed project path to: C:/Users/emanu/Desafio Disney
C:/Users/emanu/Desafio Disney
Using Asset Import Pipeline V2.
Refreshing native plugins compatible for Editor in 138.09 ms, found 2 plugins.
Preloading 0 native plugins for Editor in 0.00 ms.
Initialize engine version: 2020.3.11f1 (99c7afb366b3)
[Subsystems] Discovering subsystems at path C:/Program Files/Unity/Hub/Editor/2020.3.11f1/Editor/Data/Resources/UnitySubsystems
[Subsystems] Discovering subsystems at path C:/Users/emanu/Desafio Disney/Assets
GfxDevice: creating device client; threaded=0
Direct3D:
    Version:  Direct3D 11.0 [level 11.0]
    Renderer: NVIDIA GeForce MX110 (ID=0x174e)
    Vendor:   
    VRAM:     2010 MB
    Driver:   27.21.14.5749
Initialize mono
Mono path[0] = 'C:/Program Files/Unity/Hub/Editor/2020.3.11f1/Editor/Data/Managed'
Mono path[1] = 'C:/Program Files/Unity/Hub/Editor/2020.3.11f1/Editor/Data/MonoBleedingEdge/lib/mono/unityjit'
Mono config path = 'C:/Program Files/Unity/Hub/Editor/2020.3.11f1/Editor/Data/MonoBleedingEdge/etc'
Using monoOptions --debugger-agent=transport=dt_socket,embedding=1,server=y,suspend=n,address=127.0.0.1:56312
Begin MonoManager ReloadAssembly
Registering precompiled unity dll's ...
Register platform support module: C:/Program Files/Unity/Hub/Editor/2020.3.11f1/Editor/Data/PlaybackEngines/WebGLSupport/UnityEditor.WebGL.Extensions.dll
Register platform support module: C:/Program Files/Unity/Hub/Editor/2020.3.11f1/Editor/Data/PlaybackEngines/WindowsStandaloneSupport/UnityEditor.WindowsStandalone.Extensions.dll
Registered in 0.006576 seconds.
Native extension for WindowsStandalone target not found
Native extension for WebGL target not found
Refreshing native plugins compatible for Editor in 127.13 ms, found 2 plugins.
Preloading 0 native plugins for Editor in 0.00 ms.
Mono: successfully reloaded assembly
- Completed reload, in  5.840 seconds
Platform modules already initialized, skipping
Registering precompiled user dll's ...
Registered in 0.012321 seconds.
Begin MonoManager ReloadAssembly
Native extension for WindowsStandalone target not found
Native extension for WebGL target not found
Refreshing native plugins compatible for Editor in 217.83 ms, found 2 plugins.
Preloading 0 native plugins for Editor in 0.00 ms.
Mono: successfully reloaded assembly
- Completed reload, in  3.475 seconds
Platform modules already initialized, skipping
========================================================================
Worker process is ready to serve import requests
Shader 'Universal Render Pipeline/Particles/Lit': fallback shader 'Universal Render Pipeline/Particles/SimpleLit' not found
Shader 'Universal Render Pipeline/Particles/Lit': fallback shader 'Universal Render Pipeline/Particles/SimpleLit' not found
Launched and connected shader compiler UnityShaderCompiler.exe after 0.31 seconds
Refreshing native plugins compatible for Editor in 0.77 ms, found 2 plugins.
Preloading 0 native plugins for Editor in 0.00 ms.
Unloading 2762 Unused Serialized files (Serialized files now loaded: 0)
System memory in use before: 138.4 MB.
System memory in use after: 136.3 MB.

Unloading 48 unused Assets to reduce memory usage. Loaded Objects now: 3186.
Total: 5.521900 ms (FindLiveObjects: 0.334400 ms CreateObjectMapping: 0.183500 ms MarkObjects: 3.365700 ms  DeleteObjects: 1.636700 ms)

========================================================================
Received Import Request.
  path: Assets/Scripts/UIController.cs
  artifactKey: Guid(894de5d11f88974479d8c9e9d9e383c6) Importer(815301076,1909f56bfc062723c751e8b465ee728b)
Start importing Assets/Scripts/UIController.cs using Guid(894de5d11f88974479d8c9e9d9e383c6) Importer(815301076,1909f56bfc062723c751e8b465ee728b)  -> (artifact id: '00000000000000000000000000000000') in 0.039543 seconds
  ERROR: Build asset version error: assets/scripts/uicontroller.cs in SourceAssetDB has modification time of '2021-07-22T11:42:20.9736904Z' while content on disk has modification time of '2021-07-22T11:42:31.8131602Z'
  Import took 0.045338 seconds .

========================================================================
Received Import Request.
  Time since last request: 0.036044 seconds.
  path: Assets/Scripts/UIController.cs
  artifactKey: Guid(894de5d11f88974479d8c9e9d9e383c6) Importer(815301076,1909f56bfc062723c751e8b465ee728b)
Start importing Assets/Scripts/UIController.cs using Guid(894de5d11f88974479d8c9e9d9e383c6) Importer(815301076,1909f56bfc062723c751e8b465ee728b)  -> (artifact id: '00000000000000000000000000000000') in 0.000578 seconds
  ERROR: Build asset version error: assets/scripts/uicontroller.cs in SourceAssetDB has modification time of '2021-07-22T11:42:20.9736904Z' while content on disk has modification time of '2021-07-22T11:42:31.8131602Z'
  Import took 0.007563 seconds .

========================================================================
Received Import Request.
  Time since last request: 0.031553 seconds.
  path: Assets/Scripts/UIController.cs
  artifactKey: Guid(894de5d11f88974479d8c9e9d9e383c6) Importer(815301076,1909f56bfc062723c751e8b465ee728b)
Start importing Assets/Scripts/UIController.cs using Guid(894de5d11f88974479d8c9e9d9e383c6) Importer(815301076,1909f56bfc062723c751e8b465ee728b)  -> (artifact id: '00000000000000000000000000000000') in 0.000423 seconds
  ERROR: Build asset version error: assets/scripts/uicontroller.cs in SourceAssetDB has modification time of '2021-07-22T11:42:20.9736904Z' while content on disk has modification time of '2021-07-22T11:42:31.8131602Z'
  Import took 0.006500 seconds .

========================================================================
Received Import Request.
  Time since last request: 0.038047 seconds.
  path: Assets/Scripts/UIController.cs
  artifactKey: Guid(894de5d11f88974479d8c9e9d9e383c6) Importer(815301076,1909f56bfc062723c751e8b465ee728b)
Start importing Assets/Scripts/UIController.cs using Guid(894de5d11f88974479d8c9e9d9e383c6) Importer(815301076,1909f56bfc062723c751e8b465ee728b)  -> (artifact id: '00000000000000000000000000000000') in 0.000472 seconds
  ERROR: Build asset version error: assets/scripts/uicontroller.cs in SourceAssetDB has modification time of '2021-07-22T11:42:20.9736904Z' while content on disk has modification time of '2021-07-22T11:42:31.8131602Z'
  Import took 0.009018 seconds .

========================================================================
Received Import Request.
  Time since last request: 0.028127 seconds.
  path: Assets/Scripts/UIController.cs
  artifactKey: Guid(894de5d11f88974479d8c9e9d9e383c6) Importer(815301076,1909f56bfc062723c751e8b465ee728b)
Start importing Assets/Scripts/UIController.cs using Guid(894de5d11f88974479d8c9e9d9e383c6) Importer(815301076,1909f56bfc062723c751e8b465ee728b)  -> (artifact id: '00000000000000000000000000000000') in 0.000755 seconds
  ERROR: Build asset version error: assets/scripts/uicontroller.cs in SourceAssetDB has modification time of '2021-07-22T11:42:20.9736904Z' while content on disk has modification time of '2021-07-22T11:42:31.8131602Z'
  Import took 0.011010 seconds .

========================================================================
Received Import Request.
  Time since last request: 0.031570 seconds.
  path: Assets/Scripts/UIController.cs
  artifactKey: Guid(894de5d11f88974479d8c9e9d9e383c6) Importer(815301076,1909f56bfc062723c751e8b465ee728b)
Start importing Assets/Scripts/UIController.cs using Guid(894de5d11f88974479d8c9e9d9e383c6) Importer(815301076,1909f56bfc062723c751e8b465ee728b)  -> (artifact id: '00000000000000000000000000000000') in 0.000658 seconds
  ERROR: Build asset version error: assets/scripts/uicontroller.cs in SourceAssetDB has modification time of '2021-07-22T11:42:20.9736904Z' while content on disk has modification time of '2021-07-22T11:42:31.8131602Z'
  Import took 0.010487 seconds .

========================================================================
Received Import Request.
  Time since last request: 0.045561 seconds.
  path: Assets/Scripts/UIController.cs
  artifactKey: Guid(894de5d11f88974479d8c9e9d9e383c6) Importer(815301076,1909f56bfc062723c751e8b465ee728b)
Start importing Assets/Scripts/UIController.cs using Guid(894de5d11f88974479d8c9e9d9e383c6) Importer(815301076,1909f56bfc062723c751e8b465ee728b)  -> (artifact id: '00000000000000000000000000000000') in 0.000578 seconds
  ERROR: Build asset version error: assets/scripts/uicontroller.cs in SourceAssetDB has modification time of '2021-07-22T11:42:20.9736904Z' while content on disk has modification time of '2021-07-22T11:42:31.8131602Z'
  Import took 0.008736 seconds .

========================================================================
Received Import Request.
  Time since last request: 0.038868 seconds.
  path: Assets/Scripts/UIController.cs
  artifactKey: Guid(894de5d11f88974479d8c9e9d9e383c6) Importer(815301076,1909f56bfc062723c751e8b465ee728b)
Start importing Assets/Scripts/UIController.cs using Guid(894de5d11f88974479d8c9e9d9e383c6) Importer(815301076,1909f56bfc062723c751e8b465ee728b)  -> (artifact id: '00000000000000000000000000000000') in 0.000618 seconds
  ERROR: Build asset version error: assets/scripts/uicontroller.cs in SourceAssetDB has modification time of '2021-07-22T11:42:20.9736904Z' while content on disk has modification time of '2021-07-22T11:42:31.8131602Z'
  Import took 0.009448 seconds .

========================================================================
Received Import Request.
  Time since last request: 0.048314 seconds.
  path: Assets/Scripts/UIController.cs
  artifactKey: Guid(894de5d11f88974479d8c9e9d9e383c6) Importer(815301076,1909f56bfc062723c751e8b465ee728b)
Start importing Assets/Scripts/UIController.cs using Guid(894de5d11f88974479d8c9e9d9e383c6) Importer(815301076,1909f56bfc062723c751e8b465ee728b)  -> (artifact id: '00000000000000000000000000000000') in 0.000599 seconds
  ERROR: Build asset version error: assets/scripts/uicontroller.cs in SourceAssetDB has modification time of '2021-07-22T11:42:20.9736904Z' while content on disk has modification time of '2021-07-22T11:42:31.8131602Z'
  Import took 0.008667 seconds .

========================================================================
Received Import Request.
  Time since last request: 0.045101 seconds.
  path: Assets/Scripts/UIController.cs
  artifactKey: Guid(894de5d11f88974479d8c9e9d9e383c6) Importer(815301076,1909f56bfc062723c751e8b465ee728b)
Start importing Assets/Scripts/UIController.cs using Guid(894de5d11f88974479d8c9e9d9e383c6) Importer(815301076,1909f56bfc062723c751e8b465ee728b)  -> (artifact id: '00000000000000000000000000000000') in 0.000942 seconds
  ERROR: Build asset version error: assets/scripts/uicontroller.cs in SourceAssetDB has modification time of '2021-07-22T11:42:20.9736904Z' while content on disk has modification time of '2021-07-22T11:42:31.8131602Z'
  Import took 0.012045 seconds .

========================================================================
Received Import Request.
  Time since last request: 0.036503 seconds.
  path: Assets/Scripts/UIController.cs
  artifactKey: Guid(894de5d11f88974479d8c9e9d9e383c6) Importer(815301076,1909f56bfc062723c751e8b465ee728b)
Start importing Assets/Scripts/UIController.cs using Guid(894de5d11f88974479d8c9e9d9e383c6) Importer(815301076,1909f56bfc062723c751e8b465ee728b)  -> (artifact id: '00000000000000000000000000000000') in 0.000734 seconds
  ERROR: Build asset version error: assets/scripts/uicontroller.cs in SourceAssetDB has modification time of '2021-07-22T11:42:20.9736904Z' while content on disk has modification time of '2021-07-22T11:42:31.8131602Z'
  Import took 0.009126 seconds .

========================================================================
Received Import Request.
  Time since last request: 0.052348 seconds.
  path: Assets/Scripts/UIController.cs
  artifactKey: Guid(894de5d11f88974479d8c9e9d9e383c6) Importer(815301076,1909f56bfc062723c751e8b465ee728b)
Start importing Assets/Scripts/UIController.cs using Guid(894de5d11f88974479d8c9e9d9e383c6) Importer(815301076,1909f56bfc062723c751e8b465ee728b)  -> (artifact id: '00000000000000000000000000000000') in 0.001120 seconds
  ERROR: Build asset version error: assets/scripts/uicontroller.cs in SourceAssetDB has modification time of '2021-07-22T11:42:20.9736904Z' while content on disk has modification time of '2021-07-22T11:42:31.8131602Z'
  Import took 0.009819 seconds .

========================================================================
Received Import Request.
  Time since last request: 0.038137 seconds.
  path: Assets/Scripts/UIController.cs
  artifactKey: Guid(894de5d11f88974479d8c9e9d9e383c6) Importer(815301076,1909f56bfc062723c751e8b465ee728b)
Start importing Assets/Scripts/UIController.cs using Guid(894de5d11f88974479d8c9e9d9e383c6) Importer(815301076,1909f56bfc062723c751e8b465ee728b)  -> (artifact id: '00000000000000000000000000000000') in 0.000808 seconds
  ERROR: Build asset version error: assets/scripts/uicontroller.cs in SourceAssetDB has modification time of '2021-07-22T11:42:20.9736904Z' while content on disk has modification time of '2021-07-22T11:42:31.8131602Z'
  Import took 0.011123 seconds .

========================================================================
Received Import Request.
  Time since last request: 0.034706 seconds.
  path: Assets/Scripts/UIController.cs
  artifactKey: Guid(894de5d11f88974479d8c9e9d9e383c6) Importer(815301076,1909f56bfc062723c751e8b465ee728b)
Start importing Assets/Scripts/UIController.cs using Guid(894de5d11f88974479d8c9e9d9e383c6) Importer(815301076,1909f56bfc062723c751e8b465ee728b)  -> (artifact id: '00000000000000000000000000000000') in 0.000652 seconds
  ERROR: Build asset version error: assets/scripts/uicontroller.cs in SourceAssetDB has modification time of '2021-07-22T11:42:20.9736904Z' while content on disk has modification time of '2021-07-22T11:42:31.8131602Z'
  Import took 0.009266 seconds .

========================================================================
Received Import Request.
  Time since last request: 0.046330 seconds.
  path: Assets/Scripts/UIController.cs
  artifactKey: Guid(894de5d11f88974479d8c9e9d9e383c6) Importer(815301076,1909f56bfc062723c751e8b465ee728b)
Start importing Assets/Scripts/UIController.cs using Guid(894de5d11f88974479d8c9e9d9e383c6) Importer(815301076,1909f56bfc062723c751e8b465ee728b)  -> (artifact id: '00000000000000000000000000000000') in 0.000850 seconds
  ERROR: Build asset version error: assets/scripts/uicontroller.cs in SourceAssetDB has modification time of '2021-07-22T11:42:20.9736904Z' while content on disk has modification time of '2021-07-22T11:42:31.8131602Z'
  Import took 0.009588 seconds .

========================================================================
Received Import Request.
  Time since last request: 0.039596 seconds.
  path: Assets/Scripts/UIController.cs
  artifactKey: Guid(894de5d11f88974479d8c9e9d9e383c6) Importer(815301076,1909f56bfc062723c751e8b465ee728b)
Start importing Assets/Scripts/UIController.cs using Guid(894de5d11f88974479d8c9e9d9e383c6) Importer(815301076,1909f56bfc062723c751e8b465ee728b)  -> (artifact id: '00000000000000000000000000000000') in 0.000671 seconds
  ERROR: Build asset version error: assets/scripts/uicontroller.cs in SourceAssetDB has modification time of '2021-07-22T11:42:20.9736904Z' while content on disk has modification time of '2021-07-22T11:42:31.8131602Z'
  Import took 0.010778 seconds .

========================================================================
Received Import Request.
  Time since last request: 0.040409 seconds.
  path: Assets/Scripts/UIController.cs
  artifactKey: Guid(894de5d11f88974479d8c9e9d9e383c6) Importer(815301076,1909f56bfc062723c751e8b465ee728b)
Start importing Assets/Scripts/UIController.cs using Guid(894de5d11f88974479d8c9e9d9e383c6) Importer(815301076,1909f56bfc062723c751e8b465ee728b)  -> (artifact id: '00000000000000000000000000000000') in 0.000811 seconds
  ERROR: Build asset version error: assets/scripts/uicontroller.cs in SourceAssetDB has modification time of '2021-07-22T11:42:20.9736904Z' while content on disk has modification time of '2021-07-22T11:42:31.8131602Z'
  Import took 0.011928 seconds .

========================================================================
Received Import Request.
  Time since last request: 0.056362 seconds.
  path: Assets/Scripts/UIController.cs
  artifactKey: Guid(894de5d11f88974479d8c9e9d9e383c6) Importer(815301076,1909f56bfc062723c751e8b465ee728b)
Start importing Assets/Scripts/UIController.cs using Guid(894de5d11f88974479d8c9e9d9e383c6) Importer(815301076,1909f56bfc062723c751e8b465ee728b)  -> (artifact id: '00000000000000000000000000000000') in 0.000631 seconds
  ERROR: Build asset version error: assets/scripts/uicontroller.cs in SourceAssetDB has modification time of '2021-07-22T11:42:20.9736904Z' while content on disk has modification time of '2021-07-22T11:42:31.8131602Z'
  Import took 0.009871 seconds .

========================================================================
Received Import Request.
  Time since last request: 0.041321 seconds.
  path: Assets/Scripts/UIController.cs
  artifactKey: Guid(894de5d11f88974479d8c9e9d9e383c6) Importer(815301076,1909f56bfc062723c751e8b465ee728b)
Start importing Assets/Scripts/UIController.cs using Guid(894de5d11f88974479d8c9e9d9e383c6) Importer(815301076,1909f56bfc062723c751e8b465ee728b)  -> (artifact id: '00000000000000000000000000000000') in 0.000466 seconds
  ERROR: Build asset version error: assets/scripts/uicontroller.cs in SourceAssetDB has modification time of '2021-07-22T11:42:20.9736904Z' while content on disk has modification time of '2021-07-22T11:42:31.8131602Z'
  Import took 0.007989 seconds .

========================================================================
Received Import Request.
  Time since last request: 0.044249 seconds.
  path: Assets/Scripts/UIController.cs
  artifactKey: Guid(894de5d11f88974479d8c9e9d9e383c6) Importer(815301076,1909f56bfc062723c751e8b465ee728b)
Start importing Assets/Scripts/UIController.cs using Guid(894de5d11f88974479d8c9e9d9e383c6) Importer(815301076,1909f56bfc062723c751e8b465ee728b)  -> (artifact id: '00000000000000000000000000000000') in 0.000631 seconds
  ERROR: Build asset version error: assets/scripts/uicontroller.cs in SourceAssetDB has modification time of '2021-07-22T11:42:20.9736904Z' while content on disk has modification time of '2021-07-22T11:42:31.8131602Z'
  Import took 0.009609 seconds .

========================================================================
Received Import Request.
  Time since last request: 0.033169 seconds.
  path: Assets/Scripts/UIController.cs
  artifactKey: Guid(894de5d11f88974479d8c9e9d9e383c6) Importer(815301076,1909f56bfc062723c751e8b465ee728b)
Start importing Assets/Scripts/UIController.cs using Guid(894de5d11f88974479d8c9e9d9e383c6) Importer(815301076,1909f56bfc062723c751e8b465ee728b)  -> (artifact id: '00000000000000000000000000000000') in 0.000582 seconds
  ERROR: Build asset version error: assets/scripts/uicontroller.cs in SourceAssetDB has modification time of '2021-07-22T11:42:20.9736904Z' while content on disk has modification time of '2021-07-22T11:42:31.8131602Z'
  Import took 0.009276 seconds .

========================================================================
Received Import Request.
  Time since last request: 0.040733 seconds.
  path: Assets/Scripts/UIController.cs
  artifactKey: Guid(894de5d11f88974479d8c9e9d9e383c6) Importer(815301076,1909f56bfc062723c751e8b465ee728b)
Start importing Assets/Scripts/UIController.cs using Guid(894de5d11f88974479d8c9e9d9e383c6) Importer(815301076,1909f56bfc062723c751e8b465ee728b)  -> (artifact id: '00000000000000000000000000000000') in 0.000765 seconds
  ERROR: Build asset version error: assets/scripts/uicontroller.cs in SourceAssetDB has modification time of '2021-07-22T11:42:20.9736904Z' while content on disk has modification time of '2021-07-22T11:42:31.8131602Z'
  Import took 0.010673 seconds .

========================================================================
Received Import Request.
  Time since last request: 0.050359 seconds.
  path: Assets/Scripts/UIController.cs
  artifactKey: Guid(894de5d11f88974479d8c9e9d9e383c6) Importer(815301076,1909f56bfc062723c751e8b465ee728b)
Start importing Assets/Scripts/UIController.cs using Guid(894de5d11f88974479d8c9e9d9e383c6) Importer(815301076,1909f56bfc062723c751e8b465ee728b)  -> (artifact id: '00000000000000000000000000000000') in 0.000571 seconds
  ERROR: Build asset version error: assets/scripts/uicontroller.cs in SourceAssetDB has modification time of '2021-07-22T11:42:20.9736904Z' while content on disk has modification time of '2021-07-22T11:42:31.8131602Z'
  Import took 0.009008 seconds .

========================================================================
Received Import Request.
  Time since last request: 0.036044 seconds.
  path: Assets/Scripts/UIController.cs
  artifactKey: Guid(894de5d11f88974479d8c9e9d9e383c6) Importer(815301076,1909f56bfc062723c751e8b465ee728b)
Start importing Assets/Scripts/UIController.cs using Guid(894de5d11f88974479d8c9e9d9e383c6) Importer(815301076,1909f56bfc062723c751e8b465ee728b)  -> (artifact id: '00000000000000000000000000000000') in 0.000735 seconds
  ERROR: Build asset version error: assets/scripts/uicontroller.cs in SourceAssetDB has modification time of '2021-07-22T11:42:20.9736904Z' while content on disk has modification time of '2021-07-22T11:42:31.8131602Z'
  Import took 0.010756 seconds .

========================================================================
Received Import Request.
  Time since last request: 0.035085 seconds.
  path: Assets/Scripts/UIController.cs
  artifactKey: Guid(894de5d11f88974479d8c9e9d9e383c6) Importer(815301076,1909f56bfc062723c751e8b465ee728b)
Start importing Assets/Scripts/UIController.cs using Guid(894de5d11f88974479d8c9e9d9e383c6) Importer(815301076,1909f56bfc062723c751e8b465ee728b)  -> (artifact id: '00000000000000000000000000000000') in 0.000569 seconds
  ERROR: Build asset version error: assets/scripts/uicontroller.cs in SourceAssetDB has modification time of '2021-07-22T11:42:20.9736904Z' while content on disk has modification time of '2021-07-22T11:42:31.8131602Z'
  Import took 0.008775 seconds .

========================================================================
Received Import Request.
  Time since last request: 0.053936 seconds.
  path: Assets/Scripts/UIController.cs
  artifactKey: Guid(894de5d11f88974479d8c9e9d9e383c6) Importer(815301076,1909f56bfc062723c751e8b465ee728b)
Start importing Assets/Scripts/UIController.cs using Guid(894de5d11f88974479d8c9e9d9e383c6) Importer(815301076,1909f56bfc062723c751e8b465ee728b)  -> (artifact id: '00000000000000000000000000000000') in 0.000653 seconds
  ERROR: Build asset version error: assets/scripts/uicontroller.cs in SourceAssetDB has modification time of '2021-07-22T11:42:20.9736904Z' while content on disk has modification time of '2021-07-22T11:42:31.8131602Z'
  Import took 0.009645 seconds .

========================================================================
Received Import Request.
  Time since last request: 0.035394 seconds.
  path: Assets/Scripts/UIController.cs
  artifactKey: Guid(894de5d11f88974479d8c9e9d9e383c6) Importer(815301076,1909f56bfc062723c751e8b465ee728b)
Start importing Assets/Scripts/UIController.cs using Guid(894de5d11f88974479d8c9e9d9e383c6) Importer(815301076,1909f56bfc062723c751e8b465ee728b)  -> (artifact id: '00000000000000000000000000000000') in 0.000765 seconds
  ERROR: Build asset version error: assets/scripts/uicontroller.cs in SourceAssetDB has modification time of '2021-07-22T11:42:20.9736904Z' while content on disk has modification time of '2021-07-22T11:42:31.8131602Z'
  Import took 0.010977 seconds .

========================================================================
Received Import Request.
  Time since last request: 0.033897 seconds.
  path: Assets/Scripts/UIController.cs
  artifactKey: Guid(894de5d11f88974479d8c9e9d9e383c6) Importer(815301076,1909f56bfc062723c751e8b465ee728b)
Start importing Assets/Scripts/UIController.cs using Guid(894de5d11f88974479d8c9e9d9e383c6) Importer(815301076,1909f56bfc062723c751e8b465ee728b)  -> (artifact id: '00000000000000000000000000000000') in 0.000945 seconds
  ERROR: Build asset version error: assets/scripts/uicontroller.cs in SourceAssetDB has modification time of '2021-07-22T11:42:20.9736904Z' while content on disk has modification time of '2021-07-22T11:42:31.8131602Z'
  Import took 0.009629 seconds .

========================================================================
Received Import Request.
  Time since last request: 0.038581 seconds.
  path: Assets/Scripts/UIController.cs
  artifactKey: Guid(894de5d11f88974479d8c9e9d9e383c6) Importer(815301076,1909f56bfc062723c751e8b465ee728b)
Start importing Assets/Scripts/UIController.cs using Guid(894de5d11f88974479d8c9e9d9e383c6) Importer(815301076,1909f56bfc062723c751e8b465ee728b)  -> (artifact id: '00000000000000000000000000000000') in 0.000826 seconds
  ERROR: Build asset version error: assets/scripts/uicontroller.cs in SourceAssetDB has modification time of '2021-07-22T11:42:20.9736904Z' while content on disk has modification time of '2021-07-22T11:42:31.8131602Z'
  Import took 0.011362 seconds .

========================================================================
Received Import Request.
  Time since last request: 0.040292 seconds.
  path: Assets/Scripts/UIController.cs
  artifactKey: Guid(894de5d11f88974479d8c9e9d9e383c6) Importer(815301076,1909f56bfc062723c751e8b465ee728b)
Start importing Assets/Scripts/UIController.cs using Guid(894de5d11f88974479d8c9e9d9e383c6) Importer(815301076,1909f56bfc062723c751e8b465ee728b)  -> (artifact id: '00000000000000000000000000000000') in 0.000579 seconds
  ERROR: Build asset version error: assets/scripts/uicontroller.cs in SourceAssetDB has modification time of '2021-07-22T11:42:20.9736904Z' while content on disk has modification time of '2021-07-22T11:42:31.8131602Z'
  Import took 0.009106 seconds .

========================================================================
Received Import Request.
  Time since last request: 0.037314 seconds.
  path: Assets/Scripts/UIController.cs
  artifactKey: Guid(894de5d11f88974479d8c9e9d9e383c6) Importer(815301076,1909f56bfc062723c751e8b465ee728b)
Start importing Assets/Scripts/UIController.cs using Guid(894de5d11f88974479d8c9e9d9e383c6) Importer(815301076,1909f56bfc062723c751e8b465ee728b)  -> (artifact id: '00000000000000000000000000000000') in 0.000576 seconds
  ERROR: Build asset version error: assets/scripts/uicontroller.cs in SourceAssetDB has modification time of '2021-07-22T11:42:20.9736904Z' while content on disk has modification time of '2021-07-22T11:42:31.8131602Z'
  Import took 0.008577 seconds .

========================================================================
Received Import Request.
  Time since last request: 0.042282 seconds.
  path: Assets/Scripts/UIController.cs
  artifactKey: Guid(894de5d11f88974479d8c9e9d9e383c6) Importer(815301076,1909f56bfc062723c751e8b465ee728b)
Start importing Assets/Scripts/UIController.cs using Guid(894de5d11f88974479d8c9e9d9e383c6) Importer(815301076,1909f56bfc062723c751e8b465ee728b)  -> (artifact id: '00000000000000000000000000000000') in 0.000585 seconds
  ERROR: Build asset version error: assets/scripts/uicontroller.cs in SourceAssetDB has modification time of '2021-07-22T11:42:20.9736904Z' while content on disk has modification time of '2021-07-22T11:42:31.8131602Z'
  Import took 0.008890 seconds .

========================================================================
Received Import Request.
  Time since last request: 0.040782 seconds.
  path: Assets/Scripts/UIController.cs
  artifactKey: Guid(894de5d11f88974479d8c9e9d9e383c6) Importer(815301076,1909f56bfc062723c751e8b465ee728b)
Start importing Assets/Scripts/UIController.cs using Guid(894de5d11f88974479d8c9e9d9e383c6) Importer(815301076,1909f56bfc062723c751e8b465ee728b)  -> (artifact id: '00000000000000000000000000000000') in 0.000565 seconds
  ERROR: Build asset version error: assets/scripts/uicontroller.cs in SourceAssetDB has modification time of '2021-07-22T11:42:20.9736904Z' while content on disk has modification time of '2021-07-22T11:42:31.8131602Z'
  Import took 0.008176 seconds .

========================================================================
Received Import Request.
  Time since last request: 0.031247 seconds.
  path: Assets/Scripts/UIController.cs
  artifactKey: Guid(894de5d11f88974479d8c9e9d9e383c6) Importer(815301076,1909f56bfc062723c751e8b465ee728b)
Start importing Assets/Scripts/UIController.cs using Guid(894de5d11f88974479d8c9e9d9e383c6) Importer(815301076,1909f56bfc062723c751e8b465ee728b)  -> (artifact id: '00000000000000000000000000000000') in 0.000502 seconds
  ERROR: Build asset version error: assets/scripts/uicontroller.cs in SourceAssetDB has modification time of '2021-07-22T11:42:20.9736904Z' while content on disk has modification time of '2021-07-22T11:42:31.8131602Z'
  Import took 0.007452 seconds .

========================================================================
Received Import Request.
  Time since last request: 0.031141 seconds.
  path: Assets/Scripts/UIController.cs
  artifactKey: Guid(894de5d11f88974479d8c9e9d9e383c6) Importer(815301076,1909f56bfc062723c751e8b465ee728b)
Start importing Assets/Scripts/UIController.cs using Guid(894de5d11f88974479d8c9e9d9e383c6) Importer(815301076,1909f56bfc062723c751e8b465ee728b)  -> (artifact id: '00000000000000000000000000000000') in 0.000955 seconds
  ERROR: Build asset version error: assets/scripts/uicontroller.cs in SourceAssetDB has modification time of '2021-07-22T11:42:20.9736904Z' while content on disk has modification time of '2021-07-22T11:42:31.8131602Z'
  Import took 0.009036 seconds .

========================================================================
Received Import Request.
  Time since last request: 0.037507 seconds.
  path: Assets/Scripts/UIController.cs
  artifactKey: Guid(894de5d11f88974479d8c9e9d9e383c6) Importer(815301076,1909f56bfc062723c751e8b465ee728b)
Start importing Assets/Scripts/UIController.cs using Guid(894de5d11f88974479d8c9e9d9e383c6) Importer(815301076,1909f56bfc062723c751e8b465ee728b)  -> (artifact id: '00000000000000000000000000000000') in 0.000501 seconds
  ERROR: Build asset version error: assets/scripts/uicontroller.cs in SourceAssetDB has modification time of '2021-07-22T11:42:20.9736904Z' while content on disk has modification time of '2021-07-22T11:42:31.8131602Z'
  Import took 0.008727 seconds .

========================================================================
Received Import Request.
  Time since last request: 0.032689 seconds.
  path: Assets/Scripts/UIController.cs
  artifactKey: Guid(894de5d11f88974479d8c9e9d9e383c6) Importer(815301076,1909f56bfc062723c751e8b465ee728b)
Start importing Assets/Scripts/UIController.cs using Guid(894de5d11f88974479d8c9e9d9e383c6) Importer(815301076,1909f56bfc062723c751e8b465ee728b)  -> (artifact id: '00000000000000000000000000000000') in 0.000485 seconds
  ERROR: Build asset version error: assets/scripts/uicontroller.cs in SourceAssetDB has modification time of '2021-07-22T11:42:20.9736904Z' while content on disk has modification time of '2021-07-22T11:42:31.8131602Z'
  Import took 0.007623 seconds .

========================================================================
Received Import Request.
  Time since last request: 0.033903 seconds.
  path: Assets/Scripts/UIController.cs
  artifactKey: Guid(894de5d11f88974479d8c9e9d9e383c6) Importer(815301076,1909f56bfc062723c751e8b465ee728b)
Start importing Assets/Scripts/UIController.cs using Guid(894de5d11f88974479d8c9e9d9e383c6) Importer(815301076,1909f56bfc062723c751e8b465ee728b)  -> (artifact id: '00000000000000000000000000000000') in 0.000660 seconds
  ERROR: Build asset version error: assets/scripts/uicontroller.cs in SourceAssetDB has modification time of '2021-07-22T11:42:20.9736904Z' while content on disk has modification time of '2021-07-22T11:42:31.8131602Z'
  Import took 0.008985 seconds .

========================================================================
Received Import Request.
  Time since last request: 0.052644 seconds.
  path: Assets/Scripts/UIController.cs
  artifactKey: Guid(894de5d11f88974479d8c9e9d9e383c6) Importer(815301076,1909f56bfc062723c751e8b465ee728b)
Start importing Assets/Scripts/UIController.cs using Guid(894de5d11f88974479d8c9e9d9e383c6) Importer(815301076,1909f56bfc062723c751e8b465ee728b)  -> (artifact id: '00000000000000000000000000000000') in 0.001216 seconds
  ERROR: Build asset version error: assets/scripts/uicontroller.cs in SourceAssetDB has modification time of '2021-07-22T11:42:20.9736904Z' while content on disk has modification time of '2021-07-22T11:42:31.8131602Z'
  Import took 0.030342 seconds .

========================================================================
Received Import Request.
  Time since last request: 0.040688 seconds.
  path: Assets/Scripts/UIController.cs
  artifactKey: Guid(894de5d11f88974479d8c9e9d9e383c6) Importer(815301076,1909f56bfc062723c751e8b465ee728b)
Start importing Assets/Scripts/UIController.cs using Guid(894de5d11f88974479d8c9e9d9e383c6) Importer(815301076,1909f56bfc062723c751e8b465ee728b)  -> (artifact id: '00000000000000000000000000000000') in 0.000511 seconds
  ERROR: Build asset version error: assets/scripts/uicontroller.cs in SourceAssetDB has modification time of '2021-07-22T11:42:20.9736904Z' while content on disk has modification time of '2021-07-22T11:42:31.8131602Z'
  Import took 0.008758 seconds .

========================================================================
Received Import Request.
  Time since last request: 0.032092 seconds.
  path: Assets/Scripts/UIController.cs
  artifactKey: Guid(894de5d11f88974479d8c9e9d9e383c6) Importer(815301076,1909f56bfc062723c751e8b465ee728b)
Start importing Assets/Scripts/UIController.cs using Guid(894de5d11f88974479d8c9e9d9e383c6) Importer(815301076,1909f56bfc062723c751e8b465ee728b)  -> (artifact id: '00000000000000000000000000000000') in 0.000516 seconds
  ERROR: Build asset version error: assets/scripts/uicontroller.cs in SourceAssetDB has modification time of '2021-07-22T11:42:20.9736904Z' while content on disk has modification time of '2021-07-22T11:42:31.8131602Z'
  Import took 0.008853 seconds .

========================================================================
Received Import Request.
  Time since last request: 0.036796 seconds.
  path: Assets/Scripts/UIController.cs
  artifactKey: Guid(894de5d11f88974479d8c9e9d9e383c6) Importer(815301076,1909f56bfc062723c751e8b465ee728b)
Start importing Assets/Scripts/UIController.cs using Guid(894de5d11f88974479d8c9e9d9e383c6) Importer(815301076,1909f56bfc062723c751e8b465ee728b)  -> (artifact id: '00000000000000000000000000000000') in 0.000549 seconds
  ERROR: Build asset version error: assets/scripts/uicontroller.cs in SourceAssetDB has modification time of '2021-07-22T11:42:20.9736904Z' while content on disk has modification time of '2021-07-22T11:42:31.8131602Z'
  Import took 0.007639 seconds .

========================================================================
Received Import Request.
  Time since last request: 0.037680 seconds.
  path: Assets/Scripts/UIController.cs
  artifactKey: Guid(894de5d11f88974479d8c9e9d9e383c6) Importer(815301076,1909f56bfc062723c751e8b465ee728b)
Start importing Assets/Scripts/UIController.cs using Guid(894de5d11f88974479d8c9e9d9e383c6) Importer(815301076,1909f56bfc062723c751e8b465ee728b)  -> (artifact id: '00000000000000000000000000000000') in 0.000468 seconds
  ERROR: Build asset version error: assets/scripts/uicontroller.cs in SourceAssetDB has modification time of '2021-07-22T11:42:20.9736904Z' while content on disk has modification time of '2021-07-22T11:42:31.8131602Z'
  Import took 0.008177 seconds .

========================================================================
Received Import Request.
  Time since last request: 0.030456 seconds.
  path: Assets/Scripts/UIController.cs
  artifactKey: Guid(894de5d11f88974479d8c9e9d9e383c6) Importer(815301076,1909f56bfc062723c751e8b465ee728b)
Start importing Assets/Scripts/UIController.cs using Guid(894de5d11f88974479d8c9e9d9e383c6) Importer(815301076,1909f56bfc062723c751e8b465ee728b)  -> (artifact id: '00000000000000000000000000000000') in 0.000740 seconds
  ERROR: Build asset version error: assets/scripts/uicontroller.cs in SourceAssetDB has modification time of '2021-07-22T11:42:20.9736904Z' while content on disk has modification time of '2021-07-22T11:42:31.8131602Z'
  Import took 0.010466 seconds .

========================================================================
Received Import Request.
  Time since last request: 0.030730 seconds.
  path: Assets/Scripts/UIController.cs
  artifactKey: Guid(894de5d11f88974479d8c9e9d9e383c6) Importer(815301076,1909f56bfc062723c751e8b465ee728b)
Start importing Assets/Scripts/UIController.cs using Guid(894de5d11f88974479d8c9e9d9e383c6) Importer(815301076,1909f56bfc062723c751e8b465ee728b)  -> (artifact id: '00000000000000000000000000000000') in 0.000519 seconds
  ERROR: Build asset version error: assets/scripts/uicontroller.cs in SourceAssetDB has modification time of '2021-07-22T11:42:20.9736904Z' while content on disk has modification time of '2021-07-22T11:42:31.8131602Z'
  Import took 0.009561 seconds .

========================================================================
Received Import Request.
  Time since last request: 0.042484 seconds.
  path: Assets/Scripts/UIController.cs
  artifactKey: Guid(894de5d11f88974479d8c9e9d9e383c6) Importer(815301076,1909f56bfc062723c751e8b465ee728b)
Start importing Assets/Scripts/UIController.cs using Guid(894de5d11f88974479d8c9e9d9e383c6) Importer(815301076,1909f56bfc062723c751e8b465ee728b)  -> (artifact id: '00000000000000000000000000000000') in 0.000506 seconds
  ERROR: Build asset version error: assets/scripts/uicontroller.cs in SourceAssetDB has modification time of '2021-07-22T11:42:20.9736904Z' while content on disk has modification time of '2021-07-22T11:42:31.8131602Z'
  Import took 0.007977 seconds .

========================================================================
Received Import Request.
  Time since last request: 0.031267 seconds.
  path: Assets/Scripts/UIController.cs
  artifactKey: Guid(894de5d11f88974479d8c9e9d9e383c6) Importer(815301076,1909f56bfc062723c751e8b465ee728b)
Start importing Assets/Scripts/UIController.cs using Guid(894de5d11f88974479d8c9e9d9e383c6) Importer(815301076,1909f56bfc062723c751e8b465ee728b)  -> (artifact id: '00000000000000000000000000000000') in 0.000498 seconds
  ERROR: Build asset version error: assets/scripts/uicontroller.cs in SourceAssetDB has modification time of '2021-07-22T11:42:20.9736904Z' while content on disk has modification time of '2021-07-22T11:42:31.8131602Z'
  Import took 0.007680 seconds .

========================================================================
Received Import Request.
  Time since last request: 0.032458 seconds.
  path: Assets/Scripts/UIController.cs
  artifactKey: Guid(894de5d11f88974479d8c9e9d9e383c6) Importer(815301076,1909f56bfc062723c751e8b465ee728b)
Start importing Assets/Scripts/UIController.cs using Guid(894de5d11f88974479d8c9e9d9e383c6) Importer(815301076,1909f56bfc062723c751e8b465ee728b)  -> (artifact id: '00000000000000000000000000000000') in 0.000470 seconds
  ERROR: Build asset version error: assets/scripts/uicontroller.cs in SourceAssetDB has modification time of '2021-07-22T11:42:20.9736904Z' while content on disk has modification time of '2021-07-22T11:42:31.8131602Z'
  Import took 0.006830 seconds .

========================================================================
Received Import Request.
  Time since last request: 0.035603 seconds.
  path: Assets/Scripts/UIController.cs
  artifactKey: Guid(894de5d11f88974479d8c9e9d9e383c6) Importer(815301076,1909f56bfc062723c751e8b465ee728b)
Start importing Assets/Scripts/UIController.cs using Guid(894de5d11f88974479d8c9e9d9e383c6) Importer(815301076,1909f56bfc062723c751e8b465ee728b)  -> (artifact id: '00000000000000000000000000000000') in 0.000509 seconds
  ERROR: Build asset version error: assets/scripts/uicontroller.cs in SourceAssetDB has modification time of '2021-07-22T11:42:20.9736904Z' while content on disk has modification time of '2021-07-22T11:42:31.8131602Z'
  Import took 0.009302 seconds .

========================================================================
Received Import Request.
  Time since last request: 0.052659 seconds.
  path: Assets/Scripts/UIController.cs
  artifactKey: Guid(894de5d11f88974479d8c9e9d9e383c6) Importer(815301076,1909f56bfc062723c751e8b465ee728b)
Start importing Assets/Scripts/UIController.cs using Guid(894de5d11f88974479d8c9e9d9e383c6) Importer(815301076,1909f56bfc062723c751e8b465ee728b)  -> (artifact id: 'c316ec719f365bfa665c5ea651a24b64') in 0.011904 seconds
  Import took 0.020207 seconds .

========================================================================
Received Prepare
Registering precompiled user dll's ...
Registered in 0.025400 seconds.
Begin MonoManager ReloadAssembly
Native extension for WindowsStandalone target not found
Native extension for WebGL target not found
Refreshing native plugins compatible for Editor in 0.67 ms, found 2 plugins.
Preloading 0 native plugins for Editor in 0.00 ms.
Mono: successfully reloaded assembly
- Completed reload, in  2.311 seconds
Platform modules already initialized, skipping
Shader 'Universal Render Pipeline/Particles/Lit': fallback shader 'Universal Render Pipeline/Particles/SimpleLit' not found
Shader 'Universal Render Pipeline/Particles/Lit': fallback shader 'Universal Render Pipeline/Particles/SimpleLit' not found
Refreshing native plugins compatible for Editor in 1.18 ms, found 2 plugins.
Preloading 0 native plugins for Editor in 0.00 ms.
Unloading 2680 Unused Serialized files (Serialized files now loaded: 0)
System memory in use before: 134.1 MB.
System memory in use after: 131.9 MB.

Unloading 44 unused Assets to reduce memory usage. Loaded Objects now: 3189.
Total: 7.705900 ms (FindLiveObjects: 0.503100 ms CreateObjectMapping: 0.228800 ms MarkObjects: 4.248700 ms  DeleteObjects: 2.723300 ms)

========================================================================
Received Prepare
Shader 'Universal Render Pipeline/Particles/Lit': fallback shader 'Universal Render Pipeline/Particles/SimpleLit' not found
Shader 'Universal Render Pipeline/Particles/Lit': fallback shader 'Universal Render Pipeline/Particles/SimpleLit' not found
Refreshing native plugins compatible for Editor in 10.02 ms, found 2 plugins.
Preloading 0 native plugins for Editor in 0.00 ms.
Unloading 42 Unused Serialized files (Serialized files now loaded: 0)
System memory in use before: 82.0 MB.
System memory in use after: 79.9 MB.

Unloading 42 unused Assets to reduce memory usage. Loaded Objects now: 3189.
Total: 11.501800 ms (FindLiveObjects: 0.495600 ms CreateObjectMapping: 0.305700 ms MarkObjects: 7.709500 ms  DeleteObjects: 2.986400 ms)

AssetImportWorkerClient::OnTransportError - code=2 error=End of file
