Using pre-set license
Built from '2020.3/staging' branch; Version is '2020.3.11f1 (99c7afb366b3) revision 10078127'; Using compiler version '192528614'; Build Type 'Release'
OS: 'Windows 10 Home Single Language; OS build 19042.1055; Version 2009; 64bit' Language: 'pt' Physical Memory: 8072 MB
BatchMode: 1, IsHumanControllingUs: 0, StartBugReporterOnCrash: 0, Is64bit: 1, IsPro: 0

 COMMAND LINE ARGUMENTS:
C:\Program Files\Unity\Hub\Editor\2020.3.11f1\Editor\Unity.exe
-adb2
-batchMode
-noUpm
-name
AssetImportWorker5
-projectPath
C:/Users/emanu/Desafio Disney
-logFile
Logs/AssetImportWorker5.log
-srvPort
59159
Successfully changed project path to: C:/Users/emanu/Desafio Disney
C:/Users/emanu/Desafio Disney
Using Asset Import Pipeline V2.
Refreshing native plugins compatible for Editor in 163.58 ms, found 2 plugins.
Preloading 0 native plugins for Editor in 0.00 ms.
Initialize engine version: 2020.3.11f1 (99c7afb366b3)
[Subsystems] Discovering subsystems at path C:/Program Files/Unity/Hub/Editor/2020.3.11f1/Editor/Data/Resources/UnitySubsystems
[Subsystems] Discovering subsystems at path C:/Users/emanu/Desafio Disney/Assets
GfxDevice: creating device client; threaded=0
Direct3D:
    Version:  Direct3D 11.0 [level 11.0]
    Renderer: NVIDIA GeForce MX110 (ID=0x174e)
    Vendor:   
    VRAM:     2010 MB
    Driver:   26.21.14.4587
Initialize mono
Mono path[0] = 'C:/Program Files/Unity/Hub/Editor/2020.3.11f1/Editor/Data/Managed'
Mono path[1] = 'C:/Program Files/Unity/Hub/Editor/2020.3.11f1/Editor/Data/MonoBleedingEdge/lib/mono/unityjit'
Mono config path = 'C:/Program Files/Unity/Hub/Editor/2020.3.11f1/Editor/Data/MonoBleedingEdge/etc'
Using monoOptions --debugger-agent=transport=dt_socket,embedding=1,server=y,suspend=n,address=127.0.0.1:56528
Begin MonoManager ReloadAssembly
Registering precompiled unity dll's ...
Register platform support module: C:/Program Files/Unity/Hub/Editor/2020.3.11f1/Editor/Data/PlaybackEngines/WebGLSupport/UnityEditor.WebGL.Extensions.dll
Register platform support module: C:/Program Files/Unity/Hub/Editor/2020.3.11f1/Editor/Data/PlaybackEngines/WindowsStandaloneSupport/UnityEditor.WindowsStandalone.Extensions.dll
Registered in 0.008067 seconds.
Native extension for WindowsStandalone target not found
Native extension for WebGL target not found
Refreshing native plugins compatible for Editor in 122.40 ms, found 2 plugins.
Preloading 0 native plugins for Editor in 0.00 ms.
Mono: successfully reloaded assembly
- Completed reload, in  2.959 seconds
Platform modules already initialized, skipping
Registering precompiled user dll's ...
Registered in 0.015753 seconds.
Begin MonoManager ReloadAssembly
Native extension for WindowsStandalone target not found
Native extension for WebGL target not found
Refreshing native plugins compatible for Editor in 142.76 ms, found 2 plugins.
Preloading 0 native plugins for Editor in 0.00 ms.
Mono: successfully reloaded assembly
- Completed reload, in  5.354 seconds
Platform modules already initialized, skipping
========================================================================
Worker process is ready to serve import requests
Shader 'Universal Render Pipeline/Particles/Lit': fallback shader 'Universal Render Pipeline/Particles/SimpleLit' not found
Shader 'Universal Render Pipeline/Particles/Lit': fallback shader 'Universal Render Pipeline/Particles/SimpleLit' not found
Launched and connected shader compiler UnityShaderCompiler.exe after 0.38 seconds
Refreshing native plugins compatible for Editor in 1.05 ms, found 2 plugins.
Preloading 0 native plugins for Editor in 0.00 ms.
Unloading 2704 Unused Serialized files (Serialized files now loaded: 0)
System memory in use before: 127.6 MB.
System memory in use after: 125.0 MB.

Unloading 52 unused Assets to reduce memory usage. Loaded Objects now: 3114.
Total: 20.395300 ms (FindLiveObjects: 0.595300 ms CreateObjectMapping: 0.303500 ms MarkObjects: 16.730200 ms  DeleteObjects: 2.763500 ms)

========================================================================
Received Import Request.
  path: Assets/Low Poly Amusement Park/Prefab/Originals/carousel_horse.prefab
  artifactKey: Guid(f4a02bdc47e295c4994f9f6007e32242) Importer(815301076,1909f56bfc062723c751e8b465ee728b)
Start importing Assets/Low Poly Amusement Park/Prefab/Originals/carousel_horse.prefab using Guid(f4a02bdc47e295c4994f9f6007e32242) Importer(815301076,1909f56bfc062723c751e8b465ee728b)  -> (artifact id: '2d0ac5882d50d223ed587c9df4e4f366') in 1.254692 seconds
  Import took 1.303869 seconds .

========================================================================
Received Import Request.
  Time since last request: 0.000563 seconds.
  path: Assets/Low Poly Amusement Park/Prefab/Carousel.prefab
  artifactKey: Guid(6e238a758f08eee4499f1e754ba1fb3e) Importer(815301076,1909f56bfc062723c751e8b465ee728b)
Start importing Assets/Low Poly Amusement Park/Prefab/Carousel.prefab using Guid(6e238a758f08eee4499f1e754ba1fb3e) Importer(815301076,1909f56bfc062723c751e8b465ee728b)  -> (artifact id: 'b1c708d34f0a860f6ce47f3648848c62') in 0.062302 seconds
  Import took 0.148734 seconds .

========================================================================
Received Import Request.
  Time since last request: 9.523994 seconds.
  path: Assets/Low Poly Amusement Park/Prefab/Carousel.prefab
  artifactKey: Guid(6e238a758f08eee4499f1e754ba1fb3e) Importer(815301076,1909f56bfc062723c751e8b465ee728b)
Start importing Assets/Low Poly Amusement Park/Prefab/Carousel.prefab using Guid(6e238a758f08eee4499f1e754ba1fb3e) Importer(815301076,1909f56bfc062723c751e8b465ee728b)  -> (artifact id: 'b1c708d34f0a860f6ce47f3648848c62') in 0.026428 seconds
  Import took 0.046429 seconds .

========================================================================
Received Prepare
Registering precompiled user dll's ...
Registered in 0.031263 seconds.
Begin MonoManager ReloadAssembly
Native extension for WindowsStandalone target not found
Native extension for WebGL target not found
Refreshing native plugins compatible for Editor in 0.89 ms, found 2 plugins.
Preloading 0 native plugins for Editor in 0.00 ms.
Mono: successfully reloaded assembly
- Completed reload, in  2.182 seconds
Platform modules already initialized, skipping
Shader 'Universal Render Pipeline/Particles/Lit': fallback shader 'Universal Render Pipeline/Particles/SimpleLit' not found
Shader 'Universal Render Pipeline/Particles/Lit': fallback shader 'Universal Render Pipeline/Particles/SimpleLit' not found
Refreshing native plugins compatible for Editor in 0.82 ms, found 2 plugins.
Preloading 0 native plugins for Editor in 0.00 ms.
Unloading 2628 Unused Serialized files (Serialized files now loaded: 0)
System memory in use before: 129.0 MB.
System memory in use after: 126.5 MB.

Unloading 48 unused Assets to reduce memory usage. Loaded Objects now: 3162.
Total: 6.733100 ms (FindLiveObjects: 0.386100 ms CreateObjectMapping: 0.179100 ms MarkObjects: 3.954900 ms  DeleteObjects: 2.211100 ms)

========================================================================
Received Prepare
Registering precompiled user dll's ...
Registered in 0.013355 seconds.
Begin MonoManager ReloadAssembly
Native extension for WindowsStandalone target not found
Native extension for WebGL target not found
Refreshing native plugins compatible for Editor in 1.02 ms, found 2 plugins.
Preloading 0 native plugins for Editor in 0.00 ms.
Mono: successfully reloaded assembly
- Completed reload, in  2.790 seconds
Platform modules already initialized, skipping
Shader 'Universal Render Pipeline/Particles/Lit': fallback shader 'Universal Render Pipeline/Particles/SimpleLit' not found
Shader 'Universal Render Pipeline/Particles/Lit': fallback shader 'Universal Render Pipeline/Particles/SimpleLit' not found
Refreshing native plugins compatible for Editor in 1.01 ms, found 2 plugins.
Preloading 0 native plugins for Editor in 0.00 ms.
Unloading 2628 Unused Serialized files (Serialized files now loaded: 0)
System memory in use before: 129.1 MB.
System memory in use after: 126.5 MB.

Unloading 48 unused Assets to reduce memory usage. Loaded Objects now: 3165.
Total: 8.552800 ms (FindLiveObjects: 0.524800 ms CreateObjectMapping: 0.264000 ms MarkObjects: 4.920200 ms  DeleteObjects: 2.841400 ms)

AssetImportWorkerClient::OnTransportError - code=2 error=End of file
